<?xml version="1.0" encoding="UTF-8"?>
<!-- Generated by org.testng.reporters.JUnitReportReporter -->
<testsuite hostname="LAPTOP-T5BNGG9M" failures="0" tests="4" name="testClasses.LoginFunctionality" time="71.720" errors="0" timestamp="2023-01-20T13:28:47 IST" skipped="0">
  <testcase classname="testClasses.LoginFunctionality" name="validateLoginWithInvalideUserIdValidPassword" time="15.835"/>
  <system-out>
    <![CDATA[Entering user ID
Entered value is mnji123345
Entering password
Entering value is Ysugeda
Clocking on login Button
Error message is --> User or Password is not valid
Allert is handeled
Test case validateLoginWithInvalideUserIdValidPassword is successfully passed
Taking screenShot
ScreenShot is saved at C:\Users\91705\New folder\GuruBankMVN\ScreenShots\validateLoginWithInvalideUserIdValidPasswordS5F.png]]>
  </system-out>
  <testcase classname="testClasses.LoginFunctionality" name="validateLoginWithValidUserIdAndInvalidPassword" time="15.607"/>
  <system-out>
    <![CDATA[Entering user ID
Entered value is mngr471661
Entering password
Entering value is ankush
Clocking on login Button
Error message is --> User or Password is not valid
Allert is handeled
Test case validateLoginWithValidUserIdAndInvalidPassword is successfully passed
Taking screenShot
ScreenShot is saved at C:\Users\91705\New folder\GuruBankMVN\ScreenShots\validateLoginWithValidUserIdAndInvalidPasswordfnQ.png]]>
  </system-out>
  <testcase classname="testClasses.LoginFunctionality" name="validateLoginWithInvalidUserIdAndInvalidPassword" time="15.345"/>
  <system-out>
    <![CDATA[Entering user ID
Entered value is mnji123345
Entering password
Entering value is ankush
Clocking on login Button
Error message is --> User or Password is not valid
Allert is handeled
Test case validateLoginWithInvalidUserIdAndInvalidPassword is successfully passed
Taking screenShot
ScreenShot is saved at C:\Users\91705\New folder\GuruBankMVN\ScreenShots\validateLoginWithInvalidUserIdAndInvalidPassworddXy.png]]>
  </system-out>
  <testcase classname="testClasses.LoginFunctionality" name="validateLoginWithCorrectUserIdAndCorrectPassword" time="24.933"/>
  <system-out>
    <![CDATA[Entering user ID
Entered value is mngr471661
Entering password
Entering value is Ysugeda
Clocking on login Button
Waiting for 2000 ms
Title of home page is Guru99 Bank Manager HomePage
Scrolling into view Log out
Alert pop text is You Have Succesfully Logged Out!!
Test case validateLoginWithCorrectUserIdAndCorrectPassword is successfully passed
Taking screenShot
ScreenShot is saved at C:\Users\91705\New folder\GuruBankMVN\ScreenShots\validateLoginWithCorrectUserIdAndCorrectPasswordVmf.png]]>
  </system-out>
</testsuite> <!-- testClasses.LoginFunctionality -->
